<?xml version="1.0" encoding="UTF-8"?>
<!-- Generated by org.testng.reporters.JUnitReportReporter -->
<testsuite hostname="DESKTOP-GRCB15Q" failures="0" tests="1" name="magentoTestsignUpLogin.SignupTestCasesClass" time="9.940" errors="0" timestamp="2023-10-05T03:42:38 EET" skipped="0">
  <testcase classname="magentoTestsignUpLogin.SignupTestCasesClass" name="SignUp" time="9.940"/>
  <system-out/>
</testsuite> <!-- magentoTestsignUpLogin.SignupTestCasesClass -->
