<?xml version="1.0" encoding="UTF-8"?>
<!-- Generated by org.testng.reporters.JUnitReportReporter -->
<testsuite hostname="DESKTOP-GRCB15Q" failures="0" tests="1" name="magentoTestsignUpLogin.LoginTestCasesClass" time="10.633" errors="0" timestamp="2023-10-05T03:42:38 EET" skipped="0">
  <testcase classname="magentoTestsignUpLogin.LoginTestCasesClass" name="Login" time="10.633"/>
  <system-out/>
</testsuite> <!-- magentoTestsignUpLogin.LoginTestCasesClass -->
